<?xml version="1.0" encoding="UTF-8"?>
<testng-results ignored="0" total="1" passed="1" failed="0" skipped="0">
  <reporter-output>
  </reporter-output>
  <suite started-at="2025-04-05T19:31:17Z" name="Default suite" finished-at="2025-04-05T19:31:36Z" duration-ms="18982">
    <groups>
      <group name="cucumber">
        <method signature="AbstractTestNGCucumberTests.runScenario(cucumber.api.testng.PickleEventWrapper, cucumber.api.testng.CucumberFeatureWrapper)[pri:0, instance:coderunner.runner@723ca036]" name="runScenario" class="cucumber.api.testng.AbstractTestNGCucumberTests"/>
      </group> <!-- cucumber -->
    </groups>
    <test started-at="2025-04-05T19:31:17Z" name="Default test" finished-at="2025-04-05T19:31:36Z" duration-ms="18982">
      <class name="coderunner.runner">
        <test-method is-config="true" signature="setUpClass()[pri:0, instance:coderunner.runner@723ca036]" started-at="2025-04-05T19:31:17Z" name="setUpClass" finished-at="2025-04-05T19:31:17Z" duration-ms="180" status="PASS">
          <reporter-output>
          </reporter-output>
        </test-method> <!-- setUpClass -->
        <test-method signature="runScenario(cucumber.api.testng.PickleEventWrapper, cucumber.api.testng.CucumberFeatureWrapper)[pri:0, instance:coderunner.runner@723ca036]" started-at="2025-04-05T19:31:17Z" name="runScenario" description="Runs Cucumber Scenarios" data-provider="scenarios" finished-at="2025-04-05T19:31:36Z" duration-ms="18719" status="PASS">
          <params>
            <param index="0">
              <value>
                <![CDATA["Add todo task"]]>
              </value>
            </param>
            <param index="1">
              <value>
                <![CDATA["Todos Management website test"]]>
              </value>
            </param>
          </params>
          <reporter-output>
          </reporter-output>
        </test-method> <!-- runScenario -->
        <test-method is-config="true" signature="tearDownClass()[pri:0, instance:coderunner.runner@723ca036]" started-at="2025-04-05T19:31:36Z" name="tearDownClass" finished-at="2025-04-05T19:31:36Z" duration-ms="7" status="PASS">
          <reporter-output>
          </reporter-output>
        </test-method> <!-- tearDownClass -->
      </class> <!-- coderunner.runner -->
    </test> <!-- Default test -->
  </suite> <!-- Default suite -->
</testng-results>
